[debug] [2022-05-26T13:38:35.067Z] ----------------------------------------------------------------------
[debug] [2022-05-26T13:38:35.070Z] Command:       C:\Program Files\nodejs\node.exe C:\Users\user\AppData\Roaming\npm\node_modules\firebase-tools\lib\bin\firebase.js deploy
[debug] [2022-05-26T13:38:35.070Z] CLI Version:   10.6.0
[debug] [2022-05-26T13:38:35.071Z] Platform:      win32
[debug] [2022-05-26T13:38:35.071Z] Node Version:  v14.17.3
[debug] [2022-05-26T13:38:35.072Z] Time:          Thu May 26 2022 19:38:35 GMT+0600 (Bangladesh Standard Time)
[debug] [2022-05-26T13:38:35.072Z] ----------------------------------------------------------------------
[debug] 
[debug] [2022-05-26T13:38:35.159Z] > command requires scopes: ["email","openid","https://www.googleapis.com/auth/cloudplatformprojects.readonly","https://www.googleapis.com/auth/firebase","https://www.googleapis.com/auth/cloud-platform"]
[debug] [2022-05-26T13:38:35.159Z] > authorizing via signed-in user (yousufweb99@gmail.com)
[debug] [2022-05-26T13:38:35.159Z] [iam] checking project tools-478a3 for permissions ["firebase.projects.get","firebasehosting.sites.update"]
[debug] [2022-05-26T13:38:35.161Z] > refreshing access token with scopes: []
[debug] [2022-05-26T13:38:35.162Z] >>> HTTP REQUEST POST https://www.googleapis.com/oauth2/v3/token  
 <request body omitted>
[debug] [2022-05-26T13:38:35.692Z] <<< HTTP RESPONSE 200 {"date":"Thu, 26 May 2022 13:38:37 GMT","cache-control":"no-cache, no-store, max-age=0, must-revalidate","pragma":"no-cache","expires":"Mon, 01 Jan 1990 00:00:00 GMT","content-type":"application/json; charset=utf-8","vary":"X-Origin, Referer, Origin,Accept-Encoding","server":"scaffolding on HTTPServer2","x-xss-protection":"0","x-frame-options":"SAMEORIGIN","x-content-type-options":"nosniff","alt-svc":"h3=\":443\"; ma=2592000,h3-29=\":443\"; ma=2592000,h3-Q050=\":443\"; ma=2592000,h3-Q046=\":443\"; ma=2592000,h3-Q043=\":443\"; ma=2592000,quic=\":443\"; ma=2592000; v=\"46,43\"","accept-ranges":"none","transfer-encoding":"chunked"}
[debug] [2022-05-26T13:38:35.717Z] >>> [apiv2][query] POST https://cloudresourcemanager.googleapis.com/v1/projects/tools-478a3:testIamPermissions [none]
[debug] [2022-05-26T13:38:35.717Z] >>> [apiv2][body] POST https://cloudresourcemanager.googleapis.com/v1/projects/tools-478a3:testIamPermissions {"permissions":["firebase.projects.get","firebasehosting.sites.update"]}
[debug] [2022-05-26T13:38:37.576Z] <<< [apiv2][status] POST https://cloudresourcemanager.googleapis.com/v1/projects/tools-478a3:testIamPermissions 200
[debug] [2022-05-26T13:38:37.577Z] <<< [apiv2][body] POST https://cloudresourcemanager.googleapis.com/v1/projects/tools-478a3:testIamPermissions {"permissions":["firebase.projects.get","firebasehosting.sites.update"]}
[debug] [2022-05-26T13:38:37.581Z] >>> [apiv2][query] GET https://firebase.googleapis.com/v1beta1/projects/tools-478a3 [none]
[debug] [2022-05-26T13:38:38.428Z] <<< [apiv2][status] GET https://firebase.googleapis.com/v1beta1/projects/tools-478a3 200
[debug] [2022-05-26T13:38:38.429Z] <<< [apiv2][body] GET https://firebase.googleapis.com/v1beta1/projects/tools-478a3 {"projectId":"tools-478a3","projectNumber":"35681737831","displayName":"tools","name":"projects/tools-478a3","resources":{"hostingSite":"tools-478a3"},"state":"ACTIVE"}
[info] 
[info] === Deploying to 'tools-478a3'...
[info] 
[info] i  deploying hosting 
[debug] [2022-05-26T13:38:38.435Z] >>> [apiv2][query] GET https://firebase.googleapis.com/v1beta1/projects/tools-478a3 [none]
[debug] [2022-05-26T13:38:39.450Z] <<< [apiv2][status] GET https://firebase.googleapis.com/v1beta1/projects/tools-478a3 200
[debug] [2022-05-26T13:38:39.450Z] <<< [apiv2][body] GET https://firebase.googleapis.com/v1beta1/projects/tools-478a3 {"projectId":"tools-478a3","projectNumber":"35681737831","displayName":"tools","name":"projects/tools-478a3","resources":{"hostingSite":"tools-478a3"},"state":"ACTIVE"}
[debug] [2022-05-26T13:38:39.460Z] >>> [apiv2][query] POST https://firebasehosting.googleapis.com/v1beta1/projects/35681737831/sites/tools-478a3/versions [none]
[debug] [2022-05-26T13:38:39.461Z] >>> [apiv2][body] POST https://firebasehosting.googleapis.com/v1beta1/projects/35681737831/sites/tools-478a3/versions {"config":{"rewrites":[{"glob":"**","path":"/index.html"}]},"labels":{"deployment-tool":"cli-firebase"}}
[debug] [2022-05-26T13:38:41.773Z] <<< [apiv2][status] POST https://firebasehosting.googleapis.com/v1beta1/projects/35681737831/sites/tools-478a3/versions 200
[debug] [2022-05-26T13:38:41.773Z] <<< [apiv2][body] POST https://firebasehosting.googleapis.com/v1beta1/projects/35681737831/sites/tools-478a3/versions {"name":"projects/35681737831/sites/tools-478a3/versions/6924653c9e3d53c2","status":"CREATED","config":{"rewrites":[{"glob":"**","path":"/index.html"}]},"labels":{"deployment-tool":"cli-firebase"}}
[info] i  hosting[tools-478a3]: beginning deploy... 
[info] i  hosting[tools-478a3]: found 20 files in build 
[debug] [2022-05-26T13:38:41.817Z] [hosting] uploading with 200 concurrency
[debug] [2022-05-26T13:38:42.494Z] [hosting] hash cache [YnVpbGQ] stored for 20 files
[debug] [2022-05-26T13:38:42.494Z] [hosting][hash queue][FINAL] {"max":662,"min":5,"avg":60,"active":0,"complete":20,"success":20,"errored":0,"retried":0,"total":20,"elapsed":674}
[debug] [2022-05-26T13:38:42.495Z] >>> [apiv2][query] POST https://firebasehosting.googleapis.com/v1beta1/projects/35681737831/sites/tools-478a3/versions/6924653c9e3d53c2:populateFiles [none]
[debug] [2022-05-26T13:38:42.495Z] >>> [apiv2][body] POST https://firebasehosting.googleapis.com/v1beta1/projects/35681737831/sites/tools-478a3/versions/6924653c9e3d53c2:populateFiles {"files":{"/favicon.ico":"eae62e993eb980ec8a25058c39d5a51feab118bd2100c4deebb2a9c158ec11f9","/items.json":"9e92ebb0e1ab1665089b8ff1970021bd1a8fa643bc77dae1f30a16cf3314396e","/logo192.png":"3ee59515172ee198f3be375979df15ac5345183e656720a381b8872b2a39dc8b","/logo512.png":"ee7e2f3fdb8209c4b6fd7bef6ba50d1b9dba30a25bb5c3126df057e1cb6f5331","/manifest.json":"aff3449bdc238776f5d6d967f19ec491b36aed5fb7f23ccff6500736fd58494a","/robots.txt":"bfe106a3fb878dc83461c86818bf74fc1bdc7f28538ba613cd3e775516ce8b49","/asset-manifest.json":"6a787f4953c73f549dc8f67014fdccf00d95f39034eefe4f5e15c02540bab9ab","/index.html":"83031b1111fc17c5a9eba71abc37964dd2fd2b019ab9502db6ebfdca70c84f11","/static/js/787.060dc5fe.chunk.js":"b87bfeccf8cc0acc6c852c549f1e8fbed643c69aeeb7316eac34232725881572","/static/js/787.060dc5fe.chunk.js.map":"557c76e2613af58280322528a4ee3ea085886eddedce9e13039a4dc72a1032db","/static/js/main.4353ae03.js.LICENSE.txt":"9fc11873fb68a0e19709423431ebb205aac248d12e73c6085f3a48b78ca87394","/static/css/main.3ac71c8d.css.map":"0da22c11f768e127385f3c0bdbcac1a81e4cf6d21c5ee6597a964915cdf8f3fa","/static/css/main.3ac71c8d.css":"5c758ae2ac2171d81d663dc274743bb9619ffdc3b8ed5f50b008301ce6ab18eb","/static/media/404-error-page-not-found.44f968b5b37b520269b3.jpg":"3317d90579e22469221f8ed0265a8a732ec41cc4ab4b65375f7b08dd7144c682","/static/media/google.0590aaf0fe36e23dcc8c.png":"40c72d37b7d1249bc4cf58d5480fa4732d2176f2e529dd58c0c4fa9fed76f2fd","/static/media/yousuf_miah.6ea8bfcae6016fdfc34a.jpg":"7fbb3351efe2103fe98611c49a9e104b468c7ad7935b7c1c7b8ad190f60a7bfc","/static/js/main.4353ae03.js":"3c40ffcd8d2c00eafa3b9420aca88d692f9f451848c55cb861b62a0679a8e9e7","/static/media/computer.dc7afd66a9303f25726a.jpg":"3a7c0e6e66e572db9d6584f93149b97ddc661806c25b69149062320445c88773","/static/media/Resume of Yousuf Miah.735f6ae88033e627a3c4.png":"2950e7e5cd0e2410e165ac30a7d01877bdf34e6069f692f067a0613f681bba6c","/static/js/main.4353ae03.js.map":"873225de161c5a398f0de25a7dc95e33186d5eb0b2acde192c6802fe42771a55"}}
[debug] [2022-05-26T13:38:44.443Z] <<< [apiv2][status] POST https://firebasehosting.googleapis.com/v1beta1/projects/35681737831/sites/tools-478a3/versions/6924653c9e3d53c2:populateFiles 200
[debug] [2022-05-26T13:38:44.443Z] <<< [apiv2][body] POST https://firebasehosting.googleapis.com/v1beta1/projects/35681737831/sites/tools-478a3/versions/6924653c9e3d53c2:populateFiles {"uploadRequiredHashes":["83031b1111fc17c5a9eba71abc37964dd2fd2b019ab9502db6ebfdca70c84f11","6a787f4953c73f549dc8f67014fdccf00d95f39034eefe4f5e15c02540bab9ab","3c40ffcd8d2c00eafa3b9420aca88d692f9f451848c55cb861b62a0679a8e9e7","873225de161c5a398f0de25a7dc95e33186d5eb0b2acde192c6802fe42771a55"],"uploadUrl":"https://upload-firebasehosting.googleapis.com/upload/sites/tools-478a3/versions/6924653c9e3d53c2/files"}
[debug] [2022-05-26T13:38:44.446Z] >>> [apiv2][query] POST https://upload-firebasehosting.googleapis.com/upload/sites/tools-478a3/versions/6924653c9e3d53c2/files/83031b1111fc17c5a9eba71abc37964dd2fd2b019ab9502db6ebfdca70c84f11 [none]
[debug] [2022-05-26T13:38:44.446Z] >>> [apiv2][body] POST https://upload-firebasehosting.googleapis.com/upload/sites/tools-478a3/versions/6924653c9e3d53c2/files/83031b1111fc17c5a9eba71abc37964dd2fd2b019ab9502db6ebfdca70c84f11 [stream]
[debug] [2022-05-26T13:38:44.448Z] >>> [apiv2][query] POST https://upload-firebasehosting.googleapis.com/upload/sites/tools-478a3/versions/6924653c9e3d53c2/files/6a787f4953c73f549dc8f67014fdccf00d95f39034eefe4f5e15c02540bab9ab [none]
[debug] [2022-05-26T13:38:44.448Z] >>> [apiv2][body] POST https://upload-firebasehosting.googleapis.com/upload/sites/tools-478a3/versions/6924653c9e3d53c2/files/6a787f4953c73f549dc8f67014fdccf00d95f39034eefe4f5e15c02540bab9ab [stream]
[debug] [2022-05-26T13:38:44.450Z] >>> [apiv2][query] POST https://upload-firebasehosting.googleapis.com/upload/sites/tools-478a3/versions/6924653c9e3d53c2/files/3c40ffcd8d2c00eafa3b9420aca88d692f9f451848c55cb861b62a0679a8e9e7 [none]
[debug] [2022-05-26T13:38:44.450Z] >>> [apiv2][body] POST https://upload-firebasehosting.googleapis.com/upload/sites/tools-478a3/versions/6924653c9e3d53c2/files/3c40ffcd8d2c00eafa3b9420aca88d692f9f451848c55cb861b62a0679a8e9e7 [stream]
[debug] [2022-05-26T13:38:44.452Z] >>> [apiv2][query] POST https://upload-firebasehosting.googleapis.com/upload/sites/tools-478a3/versions/6924653c9e3d53c2/files/873225de161c5a398f0de25a7dc95e33186d5eb0b2acde192c6802fe42771a55 [none]
[debug] [2022-05-26T13:38:44.452Z] >>> [apiv2][body] POST https://upload-firebasehosting.googleapis.com/upload/sites/tools-478a3/versions/6924653c9e3d53c2/files/873225de161c5a398f0de25a7dc95e33186d5eb0b2acde192c6802fe42771a55 [stream]
[debug] [2022-05-26T13:38:44.454Z] [hosting][populate queue][FINAL] {"max":1954,"min":1954,"avg":1954,"active":0,"complete":1,"success":1,"errored":0,"retried":0,"total":1,"elapsed":1962}
[debug] [2022-05-26T13:38:44.455Z] [hosting] uploads queued: 4
[debug] [2022-05-26T13:38:47.435Z] <<< [apiv2][status] POST https://upload-firebasehosting.googleapis.com/upload/sites/tools-478a3/versions/6924653c9e3d53c2/files/83031b1111fc17c5a9eba71abc37964dd2fd2b019ab9502db6ebfdca70c84f11 200
[debug] [2022-05-26T13:38:47.435Z] <<< [apiv2][body] POST https://upload-firebasehosting.googleapis.com/upload/sites/tools-478a3/versions/6924653c9e3d53c2/files/83031b1111fc17c5a9eba71abc37964dd2fd2b019ab9502db6ebfdca70c84f11 [stream]
[debug] [2022-05-26T13:38:47.549Z] <<< [apiv2][status] POST https://upload-firebasehosting.googleapis.com/upload/sites/tools-478a3/versions/6924653c9e3d53c2/files/6a787f4953c73f549dc8f67014fdccf00d95f39034eefe4f5e15c02540bab9ab 200
[debug] [2022-05-26T13:38:47.549Z] <<< [apiv2][body] POST https://upload-firebasehosting.googleapis.com/upload/sites/tools-478a3/versions/6924653c9e3d53c2/files/6a787f4953c73f549dc8f67014fdccf00d95f39034eefe4f5e15c02540bab9ab [stream]
[debug] [2022-05-26T13:38:47.653Z] <<< [apiv2][status] POST https://upload-firebasehosting.googleapis.com/upload/sites/tools-478a3/versions/6924653c9e3d53c2/files/3c40ffcd8d2c00eafa3b9420aca88d692f9f451848c55cb861b62a0679a8e9e7 200
[debug] [2022-05-26T13:38:47.654Z] <<< [apiv2][body] POST https://upload-firebasehosting.googleapis.com/upload/sites/tools-478a3/versions/6924653c9e3d53c2/files/3c40ffcd8d2c00eafa3b9420aca88d692f9f451848c55cb861b62a0679a8e9e7 [stream]
[debug] [2022-05-26T13:38:50.708Z] <<< [apiv2][status] POST https://upload-firebasehosting.googleapis.com/upload/sites/tools-478a3/versions/6924653c9e3d53c2/files/873225de161c5a398f0de25a7dc95e33186d5eb0b2acde192c6802fe42771a55 200
[debug] [2022-05-26T13:38:50.708Z] <<< [apiv2][body] POST https://upload-firebasehosting.googleapis.com/upload/sites/tools-478a3/versions/6924653c9e3d53c2/files/873225de161c5a398f0de25a7dc95e33186d5eb0b2acde192c6802fe42771a55 [stream]
[debug] [2022-05-26T13:38:50.709Z] [hosting][upload queue][FINAL] {"max":6264,"min":2992,"avg":3892.5,"active":0,"complete":4,"success":4,"errored":0,"retried":0,"total":4,"elapsed":6265}
[info] +  hosting[tools-478a3]: file upload complete 
[debug] [2022-05-26T13:38:50.713Z] [hosting] deploy completed after 8936ms
[debug] [2022-05-26T13:38:50.723Z] [
  {
    "config": {
      "public": "build",
      "ignore": [
        "firebase.json",
        "**/.*",
        "**/node_modules/**"
      ],
      "rewrites": [
        {
          "source": "**",
          "destination": "/index.html"
        }
      ],
      "site": "tools-478a3"
    },
    "site": "tools-478a3",
    "version": "projects/35681737831/sites/tools-478a3/versions/6924653c9e3d53c2"
  }
]
[info] i  hosting[tools-478a3]: finalizing version... 
[debug] [2022-05-26T13:38:50.729Z] >>> [apiv2][query] PATCH https://firebasehosting.googleapis.com/v1beta1/projects/35681737831/sites/tools-478a3/versions/6924653c9e3d53c2 updateMask=status
[debug] [2022-05-26T13:38:50.730Z] >>> [apiv2][body] PATCH https://firebasehosting.googleapis.com/v1beta1/projects/35681737831/sites/tools-478a3/versions/6924653c9e3d53c2 {"status":"FINALIZED"}
[debug] [2022-05-26T13:38:52.647Z] <<< [apiv2][status] PATCH https://firebasehosting.googleapis.com/v1beta1/projects/35681737831/sites/tools-478a3/versions/6924653c9e3d53c2 200
[debug] [2022-05-26T13:38:52.647Z] <<< [apiv2][body] PATCH https://firebasehosting.googleapis.com/v1beta1/projects/35681737831/sites/tools-478a3/versions/6924653c9e3d53c2 {"name":"projects/35681737831/sites/tools-478a3/versions/6924653c9e3d53c2","status":"FINALIZED","config":{"rewrites":[{"glob":"**","path":"/index.html"}]},"labels":{"deployment-tool":"cli-firebase"},"createTime":"2022-05-26T13:38:43.101481Z","createUser":{"email":"yousufweb99@gmail.com"},"finalizeTime":"2022-05-26T13:38:54.186349Z","finalizeUser":{"email":"yousufweb99@gmail.com"}}
[debug] [2022-05-26T13:38:52.648Z] [hosting] finalized version for tools-478a3:[object Object]
[info] +  hosting[tools-478a3]: version finalized 
[info] i  hosting[tools-478a3]: releasing new version... 
[debug] [2022-05-26T13:38:52.652Z] >>> [apiv2][query] POST https://firebasehosting.googleapis.com/v1beta1/projects/35681737831/sites/tools-478a3/releases versionName=projects%2F35681737831%2Fsites%2Ftools-478a3%2Fversions%2F6924653c9e3d53c2
[debug] [2022-05-26T13:38:52.653Z] >>> [apiv2][body] POST https://firebasehosting.googleapis.com/v1beta1/projects/35681737831/sites/tools-478a3/releases {"message":null}
[debug] [2022-05-26T13:38:54.607Z] <<< [apiv2][status] POST https://firebasehosting.googleapis.com/v1beta1/projects/35681737831/sites/tools-478a3/releases 200
[debug] [2022-05-26T13:38:54.608Z] <<< [apiv2][body] POST https://firebasehosting.googleapis.com/v1beta1/projects/35681737831/sites/tools-478a3/releases {"name":"projects/35681737831/sites/tools-478a3/releases/1653572335579378","version":{"name":"projects/35681737831/sites/tools-478a3/versions/6924653c9e3d53c2","status":"FINALIZED","config":{"rewrites":[{"glob":"**","path":"/index.html"}]},"labels":{"deployment-tool":"cli-firebase"},"createTime":"2022-05-26T13:38:43.101481Z","createUser":{"email":"yousufweb99@gmail.com","imageUrl":"https://lh3.googleusercontent.com/a-/AOh14GiEKysCTJLuivoBgltZEduuA-cQPowt-aKU10xQmA"},"finalizeTime":"2022-05-26T13:38:54.186349Z","finalizeUser":{"email":"yousufweb99@gmail.com","imageUrl":"https://lh3.googleusercontent.com/a-/AOh14GiEKysCTJLuivoBgltZEduuA-cQPowt-aKU10xQmA"}},"type":"DEPLOY","releaseTime":"2022-05-26T13:38:55.579378972Z","releaseUser":{"email":"yousufweb99@gmail.com","imageUrl":"https://lh3.googleusercontent.com/a-/AOh14GiEKysCTJLuivoBgltZEduuA-cQPowt-aKU10xQmA"}}
[debug] [2022-05-26T13:38:54.608Z] [hosting] release: {"name":"projects/35681737831/sites/tools-478a3/releases/1653572335579378","version":{"name":"projects/35681737831/sites/tools-478a3/versions/6924653c9e3d53c2","status":"FINALIZED","config":{"rewrites":[{"glob":"**","path":"/index.html"}]},"labels":{"deployment-tool":"cli-firebase"},"createTime":"2022-05-26T13:38:43.101481Z","createUser":{"email":"yousufweb99@gmail.com","imageUrl":"https://lh3.googleusercontent.com/a-/AOh14GiEKysCTJLuivoBgltZEduuA-cQPowt-aKU10xQmA"},"finalizeTime":"2022-05-26T13:38:54.186349Z","finalizeUser":{"email":"yousufweb99@gmail.com","imageUrl":"https://lh3.googleusercontent.com/a-/AOh14GiEKysCTJLuivoBgltZEduuA-cQPowt-aKU10xQmA"}},"type":"DEPLOY","releaseTime":"2022-05-26T13:38:55.579378972Z","releaseUser":{"email":"yousufweb99@gmail.com","imageUrl":"https://lh3.googleusercontent.com/a-/AOh14GiEKysCTJLuivoBgltZEduuA-cQPowt-aKU10xQmA"}}
[info] +  hosting[tools-478a3]: release complete 
[info] 
[info] +  Deploy complete! 
[info] 
[info] Project Console: https://console.firebase.google.com/project/tools-478a3/overview
[info] Hosting URL: https://tools-478a3.web.app
